<?xml version="1.0" encoding="UTF-8"?>
<!-- Generated by org.testng.reporters.JUnitReportReporter -->
<testsuite hostname="MSI" failures="0" tests="1" name="edge_test.sec_class" time="0.234" errors="0" timestamp="2022-12-03T16:15:39 EET" skipped="0">
  <testcase classname="edge_test.sec_class" name="test_select" time="0.234"/>
  <system-out/>
</testsuite> <!-- edge_test.sec_class -->
