<?xml version="1.0" encoding="UTF-8"?>
<!-- Generated by org.testng.reporters.JUnitReportReporter -->
<testsuite hostname="MSI" failures="0" tests="5" name="edge_test.smart_buy" time="5.258" errors="0" timestamp="2022-12-17T13:15:31 EET" skipped="0">
  <testcase classname="edge_test.smart_buy" name="test_persentage" time="1.038"/>
  <system-out/>
  <testcase classname="edge_test.smart_buy" name="test_persentage" time="1.065"/>
  <system-out/>
  <testcase classname="edge_test.smart_buy" name="test_persentage" time="1.054"/>
  <system-out/>
  <testcase classname="edge_test.smart_buy" name="test_persentage" time="1.045"/>
  <system-out/>
  <testcase classname="edge_test.smart_buy" name="test_persentage" time="1.056"/>
  <system-out/>
</testsuite> <!-- edge_test.smart_buy -->
